
Showing logs for build [32mcb-kubecd-bdd-gh-1581813720-pr-5z8rc-1[0m stage [32mfrom-build-pack[0m and container [32mstep-credential-initializer-4jv65[0m
{"level":"warn","ts":1581814294.3404195,"logger":"fallback-logger","caller":"logging/config.go:69","msg":"Fetch GitHub commit ID from kodata failed: \"ref: refs/heads/0.8.0-**-support-backwards-incompats\" is not a valid GitHub commit ID"}
{"level":"info","ts":1581814294.3409874,"logger":"fallback-logger","caller":"creds-init/main.go:40","msg":"Credentials initialized."}

Showing logs for build [32mcb-kubecd-bdd-gh-1581813720-pr-5z8rc-1[0m stage [32mfrom-build-pack[0m and container [32mstep-working-dir-initializer-fv7cd[0m
{"level":"warn","ts":1581814295.735253,"logger":"fallback-logger","caller":"logging/config.go:69","msg":"Fetch GitHub commit ID from kodata failed: open /var/run/ko/HEAD: no such file or directory"}
{"level":"info","ts":1581814295.7368813,"logger":"fallback-logger","caller":"bash/main.go:64","msg":"Successfully executed command \"sh -c mkdir -p /workspace/source\"; output "}

Showing logs for build [32mcb-kubecd-bdd-gh-1581813720-pr-5z8rc-1[0m stage [32mfrom-build-pack[0m and container [32mstep-place-tools[0m

Showing logs for build [32mcb-kubecd-bdd-gh-1581813720-pr-5z8rc-1[0m stage [32mfrom-build-pack[0m and container [32mstep-git-source-cb-kubecd-bdd-gh-1581813720-pr-5z8rc-qswfn[0m
{"level":"warn","ts":1581814301.974382,"logger":"fallback-logger","caller":"logging/config.go:69","msg":"Fetch GitHub commit ID from kodata failed: \"ref: refs/heads/0.8.0-**-support-backwards-incompats\" is not a valid GitHub commit ID"}
{"level":"info","ts":1581814303.095241,"logger":"fallback-logger","caller":"git/git.go:103","msg":"Successfully cloned https://github.com/cb-kubecd/bdd-gh-1581813720.git @ master in path /workspace/source"}

Showing logs for build [32mcb-kubecd-bdd-gh-1581813720-pr-5z8rc-1[0m stage [32mfrom-build-pack[0m and container [32mstep-git-merge[0m
Using SHAs from PULL_REFS=master:8f0be64c1b4622d7e593b665bea1a2f3f2fa25ec,1:83f62b52c8f48e1d12b6ac14bb78997a4fbfe840
DEBUG: LC_ALL=C JX_LOG_LEVEL=error git fetch origin --unshallow 83f62b52c8f48e1d12b6ac14bb78997a4fbfe840: 8f0be64c1b4622d7e593b665bea1a2f3f2fa25ec:
DEBUG: ran git fetch --unshallow origin 83f62b52c8f48e1d12b6ac14bb78997a4fbfe840: 8f0be64c1b4622d7e593b665bea1a2f3f2fa25ec: in 
DEBUG: LC_ALL=C JX_LOG_LEVEL=error git branch
DEBUG: LC_ALL=C JX_LOG_LEVEL=error git checkout master
DEBUG: ran git checkout master in 
DEBUG: LC_ALL=C JX_LOG_LEVEL=error git reset --hard 8f0be64c1b4622d7e593b665bea1a2f3f2fa25ec
DEBUG: ran git reset --hard 8f0be64c1b4622d7e593b665bea1a2f3f2fa25ec in 
DEBUG: LC_ALL=C JX_LOG_LEVEL=error git clean -fd .
DEBUG: ran clean --force -d . in 
DEBUG: LC_ALL=C JX_LOG_LEVEL=error git merge 83f62b52c8f48e1d12b6ac14bb78997a4fbfe840
DEBUG: ran git merge 83f62b52c8f48e1d12b6ac14bb78997a4fbfe840 in 
DEBUG: LC_ALL=C JX_LOG_LEVEL=error git log --format=%H%x1f%an%x1f%ae%x1f%cn%x1f%ce%x1f%s%n%b%x1e 8f0be64c1b4622d7e593b665bea1a2f3f2fa25ec..HEAD
Merged SHA 83f62b52c8f48e1d12b6ac14bb78997a4fbfe840 with commit message 'My first PR commit' into base branch master

Showing logs for build [32mcb-kubecd-bdd-gh-1581813720-pr-5z8rc-1[0m stage [32mfrom-build-pack[0m and container [32mstep-build-make-linux[0m
CGO_ENABLED=0 GOOS=linux GOARCH=amd64 GO15VENDOREXPERIMENT=1 go build -ldflags '' -o bin/bdd-gh-1581813720 main.go

Showing logs for build [32mcb-kubecd-bdd-gh-1581813720-pr-5z8rc-1[0m stage [32mfrom-build-pack[0m and container [32mstep-build-container-build[0m
[36mINFO[0m[0000] No base image, nothing to extract            
[36mINFO[0m[0000] cmd: EXPOSE                                  
[36mINFO[0m[0000] Adding exposed port: 8080/tcp                
[36mINFO[0m[0000] Using files from context: [/workspace/source/bin] 
[36mINFO[0m[0000] Skipping unpacking as no commands require it. 
[36mINFO[0m[0000] Taking snapshot of full filesystem...        
[36mINFO[0m[0000] EXPOSE 8080                                  
[36mINFO[0m[0000] cmd: EXPOSE                                  
[36mINFO[0m[0000] Adding exposed port: 8080/tcp                
[36mINFO[0m[0000] No files changed in this command, skipping snapshotting. 
[36mINFO[0m[0000] ENTRYPOINT ["/bdd-gh-1581813720"]            
[36mINFO[0m[0000] No files changed in this command, skipping snapshotting. 
[36mINFO[0m[0000] Using files from context: [/workspace/source/bin] 
[36mINFO[0m[0000] COPY ./bin/ /                                
[36mINFO[0m[0000] Taking snapshot of files...                  
2020/02/16 00:51:59 pushed blob: sha256:8e12b537aa588fcfc157e7f69a170250647fecd0ca55187c25bae7a89686d958
2020/02/16 00:52:00 pushed blob: sha256:14a71e51ada88a914bab2d31737e335691d534907fdb5b88b033f45c6e32c625
2020/02/16 00:52:01 gcr.io/jenkins-x-bdd3/bdd-gh-1581813720:0.0.0-SNAPSHOT-PR-1-1: digest: sha256:d89356e5d0a8af7847bf60f8250372efe44fe95364a354a8cf88d61ad350afef size: 428

Showing logs for build [32mcb-kubecd-bdd-gh-1581813720-pr-5z8rc-1[0m stage [32mfrom-build-pack[0m and container [32mstep-postbuild-post-build[0m
no CVE provider running in the current ** namespace so skip adding image to be analysed

Showing logs for build [32mcb-kubecd-bdd-gh-1581813720-pr-5z8rc-1[0m stage [32mfrom-build-pack[0m and container [32mstep-promote-make-preview[0m
sed -i -e "s/version:.*/version: 0.0.0-SNAPSHOT-PR-1-1/" Chart.yaml
sed -i -e "s/version:.*/version: 0.0.0-SNAPSHOT-PR-1-1/" ../*/Chart.yaml
sed -i -e "s|repository:.*|repository: gcr.io\/jenkins-x-bdd3\/bdd-gh-1581813720|" values.yaml
sed -i -e "s/tag:.*/tag: 0.0.0-SNAPSHOT-PR-1-1/" values.yaml
echo "  version: 0.0.0-SNAPSHOT-PR-1-1" >> requirements.yaml
** step helm build
WARNING: No $CHART_REPOSITORY defined so using the default value of: http://jenkins-x-chartmuseum:8080
Adding missing Helm repo: storage.googleapis.com https://storage.googleapis.com/chartmuseum.jenkins-x.io
WARNING: No secrets found on "helm/repos" due: reading the secret "helm/repos" from vault: no secret "helm/repos" not found in vault
Read credentials for https://storage.googleapis.com/chartmuseum.jenkins-x.io from vault helm/repos
Successfully added Helm repository storage.googleapis.com.
Adding missing Helm repo: jenkins-x-chartmuseum http://jenkins-x-chartmuseum:8080
WARNING: No secrets found on "helm/repos" due: reading the secret "helm/repos" from vault: no secret "helm/repos" not found in vault
Read credentials for http://jenkins-x-chartmuseum:8080 from vault helm/repos
Successfully added Helm repository jenkins-x-chartmuseum.
WARNING: No $CHART_REPOSITORY defined so using the default value of: http://jenkins-x-chartmuseum:8080
Adding missing Helm repo: chartmuseum.jenkins-x.io http://chartmuseum.jenkins-x.io
WARNING: No secrets found on "helm/repos" due: reading the secret "helm/repos" from vault: no secret "helm/repos" not found in vault
Read credentials for http://chartmuseum.jenkins-x.io from vault helm/repos
Successfully added Helm repository chartmuseum.jenkins-x.io.

Showing logs for build [32mcb-kubecd-bdd-gh-1581813720-pr-5z8rc-1[0m stage [32mfrom-build-pack[0m and container [32mstep-promote-jx-preview[0m
Creating a preview
Created environment cb-kubecd-bdd-gh-1581813720-pr-1
Namespace **-cb-kubecd-bdd-gh-1581813720-pr-1 created 
expose:
  Annotations:
    helm.sh/hook: post-install,post-upgrade
    helm.sh/hook-delete-policy: hook-succeeded
  config:
    domain: 34.77.157.133.nip.io
    exposer: Ingress
    http: "true"
preview:
  image:
    repository: gcr.io/jenkins-x-bdd3/bdd-gh-1581813720
    tag: 0.0.0-SNAPSHOT-PR-1-1

Updating PipelineActivities cb-kubecd-bdd-gh-1581813720-pr-1-1 which has status Running
Preview application is now available at: http://bdd-gh-1581813720.**-cb-kubecd-bdd-gh-1581813720-pr-1.34.77.157.133.nip.io
